<?xml version="1.0" encoding="UTF-8"?>
<!-- Generated by org.testng.reporters.JUnitXMLReporter -->
<testsuite ignored="0" hostname="HSC-J33TZF2" failures="0" tests="7" name="PositiveTests" time="127.942" errors="0" timestamp="13 May 2021 08:58:27 GMT">
  <testcase classname="com.icin.bank.UserPortalPositiveTests" name="ChequeBookTest" time="18.788"/>
  <testcase classname="com.icin.bank.UserPortalPositiveTests" name="TransactionTest" time="18.26"/>
  <testcase classname="com.icin.bank.UserPortalPositiveTests" name="TransferTest" time="18.531"/>
  <testcase classname="com.icin.bank.UserPortalPositiveTests" name="loginTest" time="18.223"/>
  <testcase classname="com.icin.bank.AdminPortalPositiveTests" name="loginTest" time="15.863"/>
  <testcase classname="com.icin.bank.AdminPortalPositiveTests" name="diableUserTest" time="18.047"/>
  <testcase classname="com.icin.bank.AdminPortalPositiveTests" name="enableUserTest" time="20.184"/>
</testsuite> <!-- PositiveTests -->
