<?xml version="1.0" encoding="UTF-8"?>
<!-- Generated by org.testng.reporters.JUnitXMLReporter -->
<testsuite ignored="0" hostname="HSC-J33TZF2" failures="0" tests="3" name="Default test" time="26.374" errors="0" timestamp="13 May 2021 14:52:40 GMT">
  <testcase classname="com.icin.bank.UserPortalNegativeTests" name="emptyUsernameAndPasswordTest" time="10.221"/>
  <testcase classname="com.icin.bank.UserPortalNegativeTests" name="incorrectPasswordTest" time="7.204"/>
  <testcase classname="com.icin.bank.UserPortalNegativeTests" name="incorrectUsernameTest" time="8.886"/>
</testsuite> <!-- Default test -->
