<?xml version="1.0" encoding="UTF-8"?>
<testng-results ignored="0" total="10" passed="10" failed="0" skipped="0">
  <reporter-output>
  </reporter-output>
  <suite started-at="2021-05-13T08:56:19Z" name="AllTests" finished-at="2021-05-13T08:58:52Z" duration-ms="153652">
    <groups>
    </groups>
    <test started-at="2021-05-13T08:56:19Z" name="PositiveTests" finished-at="2021-05-13T08:58:27Z" duration-ms="127942">
      <class name="com.icin.bank.UserPortalPositiveTests">
        <test-method signature="ChequeBookTest()[pri:0, instance:com.icin.bank.UserPortalPositiveTests@3ddc6915]" started-at="2021-05-13T08:56:19Z" name="ChequeBookTest" finished-at="2021-05-13T08:56:37Z" duration-ms="18788" status="PASS">
          <reporter-output>
          </reporter-output>
        </test-method> <!-- ChequeBookTest -->
        <test-method signature="TransactionTest()[pri:0, instance:com.icin.bank.UserPortalPositiveTests@3ddc6915]" started-at="2021-05-13T08:56:37Z" name="TransactionTest" finished-at="2021-05-13T08:56:56Z" duration-ms="18260" status="PASS">
          <reporter-output>
          </reporter-output>
        </test-method> <!-- TransactionTest -->
        <test-method signature="TransferTest()[pri:0, instance:com.icin.bank.UserPortalPositiveTests@3ddc6915]" started-at="2021-05-13T08:56:56Z" name="TransferTest" finished-at="2021-05-13T08:57:14Z" duration-ms="18531" status="PASS">
          <reporter-output>
          </reporter-output>
        </test-method> <!-- TransferTest -->
        <test-method signature="loginTest()[pri:0, instance:com.icin.bank.UserPortalPositiveTests@3ddc6915]" started-at="2021-05-13T08:57:14Z" name="loginTest" finished-at="2021-05-13T08:57:32Z" duration-ms="18223" status="PASS">
          <reporter-output>
          </reporter-output>
        </test-method> <!-- loginTest -->
      </class> <!-- com.icin.bank.UserPortalPositiveTests -->
      <class name="com.icin.bank.AdminPortalPositiveTests">
        <test-method signature="loginTest()[pri:1, instance:com.icin.bank.AdminPortalPositiveTests@704deff2]" started-at="2021-05-13T08:57:32Z" name="loginTest" finished-at="2021-05-13T08:57:48Z" duration-ms="15863" status="PASS">
          <reporter-output>
          </reporter-output>
        </test-method> <!-- loginTest -->
        <test-method signature="diableUserTest()[pri:2, instance:com.icin.bank.AdminPortalPositiveTests@704deff2]" started-at="2021-05-13T08:57:48Z" name="diableUserTest" finished-at="2021-05-13T08:58:06Z" duration-ms="18047" status="PASS">
          <reporter-output>
          </reporter-output>
        </test-method> <!-- diableUserTest -->
        <test-method signature="enableUserTest()[pri:3, instance:com.icin.bank.AdminPortalPositiveTests@704deff2]" started-at="2021-05-13T08:58:06Z" name="enableUserTest" finished-at="2021-05-13T08:58:27Z" duration-ms="20184" status="PASS">
          <reporter-output>
          </reporter-output>
        </test-method> <!-- enableUserTest -->
      </class> <!-- com.icin.bank.AdminPortalPositiveTests -->
    </test> <!-- PositiveTests -->
    <test started-at="2021-05-13T08:58:27Z" name="NegativeTests" finished-at="2021-05-13T08:58:52Z" duration-ms="25681">
      <class name="com.icin.bank.UserPortalNegativeTests">
        <test-method signature="emptyUsernameAndPasswordTest()[pri:0, instance:com.icin.bank.UserPortalNegativeTests@5495333e]" started-at="2021-05-13T08:58:27Z" name="emptyUsernameAndPasswordTest" finished-at="2021-05-13T08:58:36Z" duration-ms="9618" status="PASS">
          <reporter-output>
          </reporter-output>
        </test-method> <!-- emptyUsernameAndPasswordTest -->
        <test-method signature="incorrectPasswordTest()[pri:0, instance:com.icin.bank.UserPortalNegativeTests@5495333e]" started-at="2021-05-13T08:58:36Z" name="incorrectPasswordTest" finished-at="2021-05-13T08:58:43Z" duration-ms="7314" status="PASS">
          <reporter-output>
          </reporter-output>
        </test-method> <!-- incorrectPasswordTest -->
        <test-method signature="incorrectUsernameTest()[pri:0, instance:com.icin.bank.UserPortalNegativeTests@5495333e]" started-at="2021-05-13T08:58:43Z" name="incorrectUsernameTest" finished-at="2021-05-13T08:58:52Z" duration-ms="8749" status="PASS">
          <reporter-output>
          </reporter-output>
        </test-method> <!-- incorrectUsernameTest -->
      </class> <!-- com.icin.bank.UserPortalNegativeTests -->
    </test> <!-- NegativeTests -->
  </suite> <!-- AllTests -->
</testng-results>
