<?xml version="1.0" encoding="UTF-8"?>
<testng-results ignored="0" total="1" passed="1" failed="0" skipped="0">
  <reporter-output>
  </reporter-output>
  <suite started-at="2021-05-12T08:27:18Z" name="Default suite" finished-at="2021-05-12T08:27:39Z" duration-ms="20695">
    <groups>
    </groups>
    <test started-at="2021-05-12T08:27:18Z" name="Default test" finished-at="2021-05-12T08:27:39Z" duration-ms="20695">
      <class name="com.icin.bank.AdminPortalPositiveTest">
        <test-method signature="loginTest()[pri:0, instance:com.icin.bank.AdminPortalPositiveTest@2b9ed6da]" started-at="2021-05-12T08:27:18Z" name="loginTest" finished-at="2021-05-12T08:27:39Z" duration-ms="20554" status="PASS">
          <reporter-output>
          </reporter-output>
        </test-method> <!-- loginTest -->
      </class> <!-- com.icin.bank.AdminPortalPositiveTest -->
    </test> <!-- Default test -->
  </suite> <!-- Default suite -->
</testng-results>
